

Welcome to CakePHP v1.3.7 Console
---------------------------------------------------------------
App : app
Path: /home/www/yzk.go/htdocs/app
---------------------------------------------------------------
Res All Clients Arch: 1
Res All Clients NOT Arch: 21

Res All Campaigns HERE: 41
Res All Banners: 278

res All Phrases before: 4801

Res All Phra after: 4358

Res phrase To Update: 12

Time taken = 68.82 secs

done at  08-04-2011:20.01.10

____________________________________________________


Welcome to CakePHP v1.3.7 Console
---------------------------------------------------------------
App : app
Path: /home/www/yzk.go/htdocs/app
---------------------------------------------------------------
Res All Clients Arch: 1
Res All Clients NOT Arch: 21

Res All Campaigns HERE: 41
Res All Banners: 278

res All Phrases before: 4801

Res All Phra after: 4358

Res phrase To Update: 12

Array
(
    [data] => 1
)
Time taken = 37.71 secs

done at  08-04-2011:20.10.39

____________________________________________________


Welcome to CakePHP v1.3.7 Console
---------------------------------------------------------------
App : app
Path: /home/www/yzk.go/htdocs/app
---------------------------------------------------------------
Res All Clients Arch: 1
Res All Clients NOT Arch: 21

Res All Campaigns HERE: 41
Res All Banners: 278

res All Phrases before: 4801

Res All Phra after: 4358

Res phrase To Update: 12

Array
(
    [data] => 1
)
Time taken = 44.06 secs

done at  08-04-2011:20.20.45

____________________________________________________


Welcome to CakePHP v1.3.7 Console
---------------------------------------------------------------
App : app
Path: /home/www/yzk.go/htdocs/app
---------------------------------------------------------------
Res All Clients Arch: 1
Res All Clients NOT Arch: 21

Res All Campaigns HERE: 41
Res All Banners: 278

res All Phrases before: 4801

Res All Phra after: 4358

Res phrase To Update: 12

Time taken = 44.98 secs

done at  08-04-2011:20.30.46

____________________________________________________


Welcome to CakePHP v1.3.7 Console
---------------------------------------------------------------
App : app
Path: /home/www/yzk.go/htdocs/app
---------------------------------------------------------------
Res All Clients Arch: 1
Res All Clients NOT Arch: 21

Res All Campaigns HERE: 41
Res All Banners: 278

res All Phrases before: 4801

Res All Phra after: 4358

Res phrase To Update: 12

Time taken = 36.16 secs

done at  08-04-2011:20.40.38

____________________________________________________


Welcome to CakePHP v1.3.7 Console
---------------------------------------------------------------
App : app
Path: /home/www/yzk.go/htdocs/app
---------------------------------------------------------------
Res All Clients Arch: 1
Res All Clients NOT Arch: 21

Res All Campaigns HERE: 41
Res All Banners: 278

res All Phrases before: 4801

Res All Phra after: 4358

Res phrase To Update: 12

Time taken = 36.78 secs

done at  08-04-2011:20.50.38

____________________________________________________


Welcome to CakePHP v1.3.7 Console
---------------------------------------------------------------
App : app
Path: /home/www/yzk.go/htdocs/app
---------------------------------------------------------------
Res All Clients Arch: 1
Res All Clients NOT Arch: 21

Res All Campaigns HERE: 41
Res All Banners: 278

res All Phrases before: 4801

Res All Phra after: 4358

Res phrase To Update: 12

Time taken = 48.59 secs

done at  08-04-2011:21.00.50

____________________________________________________

